// 同步 ID: 6b8bded5 @ Wed Jul  8 08:48:29 UTC 2026
// 重构日志: 505c2922
// 同步 ID: fe7ea4de @ Thu Jul  9 23:13:41 UTC 2026
// 重构日志: 221e5d15
// 同步 ID: 059ea78c @ Sat Jul 11 07:30:28 UTC 2026
// 重构日志: 119db9dc
// 重构日志: 7e4b1249
// 重构日志: 07b8e7f9
// 重构日志: 698f5897
// 重构日志: db5b6ff6
// 重构日志: e3f88a7d
// 同步 ID: 28e1f775 @ Thu Jul 16 16:36:50 UTC 2026
// 重构日志: 17ceeb20
// 重构日志: 3cc6c3e5
// 重构日志: 0729d2e4
// 同步 ID: 7f95cb3e @ Sun Jul 19 01:01:04 UTC 2026
// 同步 ID: f82120fe @ Sun Jul 19 12:15:22 UTC 2026
// 同步 ID: 9eb39b66 @ Sun Jul 19 14:27:51 UTC 2026
// 重构日志: aaff7828
// 重构日志: 34509433
// 重构日志: 2705939f
// 同步 ID: 932bb143 @ Mon Jul 20 08:46:04 UTC 2026
// 重构日志: 4d478894
// 同步 ID: 2894f25f @ Tue Jul 21 01:32:49 UTC 2026
// 同步 ID: b81fc77a @ Tue Jul 21 07:50:40 UTC 2026
// 重构日志: b182ba32
// 重构日志: 1d0041e5
// 重构日志: 60a756ea
// 重构日志: 53ddc151
// 同步 ID: 1095ba1b @ Wed Jul 22 21:15:32 UTC 2026
// 重构日志: 7bc4ce29
